<?xml version="1.0" encoding="UTF-8"?>
<!-- Generated by org.testng.reporters.JUnitReportReporter -->
<testsuite hostname="DESKTOP-PNIJDNB" failures="0" tests="1" name="com.testngselenium.demo.NewTest" time="0.001" errors="0" timestamp="2024-07-19T13:37:08 IST" skipped="0">
  <testcase classname="com.testngselenium.demo.NewTest" name="f" time="0.001"/>
  <system-out/>
</testsuite> <!-- com.testngselenium.demo.NewTest -->
