<?xml version="1.0" encoding="UTF-8"?>
<!-- Generated by org.testng.reporters.JUnitReportReporter -->
<testsuite hostname="DESKTOP-PNIJDNB" failures="0" tests="4" name="com.testngselenium.demo.GroupTest" time="54.548" errors="0" timestamp="2024-07-19T13:37:08 IST" skipped="0">
  <testcase classname="com.testngselenium.demo.GroupTest" name="loginWithChrome" time="7.775"/>
  <system-out/>
  <testcase classname="com.testngselenium.demo.GroupTest" name="loginWithFirefox" time="15.581"/>
  <system-out/>
  <testcase classname="com.testngselenium.demo.GroupTest" name="launchFirefox" time="20.279"/>
  <system-out/>
  <testcase classname="com.testngselenium.demo.GroupTest" name="launchChrome" time="10.913"/>
  <system-out/>
</testsuite> <!-- com.testngselenium.demo.GroupTest -->
